Arguments: 
  /usr/local/bin/node /usr/local/bin/yarn init

PATH: 
  /usr/local/bin:/usr/bin:/bin:/usr/sbin:/sbin:/usr/texbin:/opt/X11/bin:/usr/bin:/bin:/usr/sbin:/sbin:/usr/local/bin

Yarn version: 
  1.3.2

Node version: 
  4.4.5

Platform: 
  darwin x64

npm manifest: 
  No manifest

yarn manifest: 
  No manifest

Lockfile: 
  No lockfile

Trace: 
  Error: canceled
      at Interface.<anonymous> (/usr/local/lib/node_modules/yarn/lib/cli.js:121045:13)
      at emitNone (events.js:67:13)
      at Interface.emit (events.js:166:7)
      at Interface._ttyWrite (readline.js:691:16)
      at ReadStream.onkeypress (readline.js:106:10)
      at emitTwo (events.js:87:13)
      at ReadStream.emit (events.js:172:7)
      at emitKeys (readline.js:1251:14)
      at next (native)
      at ReadStream.onData (readline.js:919:36)
